[2025-08-18 03:04:41] local.ERROR: Command "run" is not defined.

Did you mean one of these?
    cache:prune-stale-tags
    model:prune
    queue:prune-batches
    queue:prune-failed
    schedule:run {"exception":"[object] (Symfony\\Component\\Console\\Exception\\CommandNotFoundException(code: 0): Command \"run\" is not defined.

Did you mean one of these?
    cache:prune-stale-tags
    model:prune
    queue:prune-batches
    queue:prune-failed
    schedule:run at C:\\Users\\RalphIan\\Desktop\\PROJECTS\\Landingpage\\epath-laravel-react-web\\epathwaysweb\\vendor\\symfony\\console\\Application.php:725)
[stacktrace]
#0 C:\\Users\\RalphIan\\Desktop\\PROJECTS\\Landingpage\\epath-laravel-react-web\\epathwaysweb\\vendor\\symfony\\console\\Application.php(283): Symfony\\Component\\Console\\Application->find('run')
#1 C:\\Users\\RalphIan\\Desktop\\PROJECTS\\Landingpage\\epath-laravel-react-web\\epathwaysweb\\vendor\\symfony\\console\\Application.php(192): Symfony\\Component\\Console\\Application->doRun(Object(Symfony\\Component\\Console\\Input\\ArgvInput), Object(Symfony\\Component\\Console\\Output\\ConsoleOutput))
#2 C:\\Users\\RalphIan\\Desktop\\PROJECTS\\Landingpage\\epath-laravel-react-web\\epathwaysweb\\vendor\\laravel\\framework\\src\\Illuminate\\Foundation\\Console\\Kernel.php(197): Symfony\\Component\\Console\\Application->run(Object(Symfony\\Component\\Console\\Input\\ArgvInput), Object(Symfony\\Component\\Console\\Output\\ConsoleOutput))
#3 C:\\Users\\RalphIan\\Desktop\\PROJECTS\\Landingpage\\epath-laravel-react-web\\epathwaysweb\\vendor\\laravel\\framework\\src\\Illuminate\\Foundation\\Application.php(1234): Illuminate\\Foundation\\Console\\Kernel->handle(Object(Symfony\\Component\\Console\\Input\\ArgvInput), Object(Symfony\\Component\\Console\\Output\\ConsoleOutput))
#4 C:\\Users\\RalphIan\\Desktop\\PROJECTS\\Landingpage\\epath-laravel-react-web\\epathwaysweb\\artisan(16): Illuminate\\Foundation\\Application->handleCommand(Object(Symfony\\Component\\Console\\Input\\ArgvInput))
#5 {main}
"} 
[2025-08-18 03:05:46] local.ERROR: Vite manifest not found at: C:\Users\RalphIan\Desktop\PROJECTS\Landingpage\epath-laravel-react-web\epathwaysweb\public\build/manifest.json (View: C:\Users\RalphIan\Desktop\PROJECTS\Landingpage\epath-laravel-react-web\epathwaysweb\resources\views\app.blade.php) {"exception":"[object] (Illuminate\\View\\ViewException(code: 0): Vite manifest not found at: C:\\Users\\RalphIan\\Desktop\\PROJECTS\\Landingpage\\epath-laravel-react-web\\epathwaysweb\\public\\build/manifest.json (View: C:\\Users\\RalphIan\\Desktop\\PROJECTS\\Landingpage\\epath-laravel-react-web\\epathwaysweb\\resources\\views\\app.blade.php) at C:\\Users\\RalphIan\\Desktop\\PROJECTS\\Landingpage\\epath-laravel-react-web\\epathwaysweb\\vendor\\laravel\\framework\\src\\Illuminate\\Foundation\\Vite.php:935)
[stacktrace]
#0 C:\\Users\\RalphIan\\Desktop\\PROJECTS\\Landingpage\\epath-laravel-react-web\\epathwaysweb\\vendor\\laravel\\framework\\src\\Illuminate\\View\\Engines\\PhpEngine.php(59): Illuminate\\View\\Engines\\CompilerEngine->handleViewException(Object(Illuminate\\Foundation\\ViteManifestNotFoundException), 1)
#1 C:\\Users\\RalphIan\\Desktop\\PROJECTS\\Landingpage\\epath-laravel-react-web\\epathwaysweb\\vendor\\laravel\\framework\\src\\Illuminate\\View\\Engines\\CompilerEngine.php(76): Illuminate\\View\\Engines\\PhpEngine->evaluatePath('C:\\\\Users\\\\RalphI...', Array)
#2 C:\\Users\\RalphIan\\Desktop\\PROJECTS\\Landingpage\\epath-laravel-react-web\\epathwaysweb\\vendor\\laravel\\framework\\src\\Illuminate\\View\\View.php(208): Illuminate\\View\\Engines\\CompilerEngine->get('C:\\\\Users\\\\RalphI...', Array)
#3 C:\\Users\\RalphIan\\Desktop\\PROJECTS\\Landingpage\\epath-laravel-react-web\\epathwaysweb\\vendor\\laravel\\framework\\src\\Illuminate\\View\\View.php(191): Illuminate\\View\\View->getContents()
#4 C:\\Users\\RalphIan\\Desktop\\PROJECTS\\Landingpage\\epath-laravel-react-web\\epathwaysweb\\vendor\\laravel\\framework\\src\\Illuminate\\View\\View.php(160): Illuminate\\View\\View->renderContents()
#5 C:\\Users\\RalphIan\\Desktop\\PROJECTS\\Landingpage\\epath-laravel-react-web\\epathwaysweb\\vendor\\laravel\\framework\\src\\Illuminate\\Http\\Response.php(78): Illuminate\\View\\View->render()
#6 C:\\Users\\RalphIan\\Desktop\\PROJECTS\\Landingpage\\epath-laravel-react-web\\epathwaysweb\\vendor\\laravel\\framework\\src\\Illuminate\\Http\\Response.php(34): Illuminate\\Http\\Response->setContent(Object(Illuminate\\View\\View))
#7 C:\\Users\\RalphIan\\Desktop\\PROJECTS\\Landingpage\\epath-laravel-react-web\\epathwaysweb\\vendor\\laravel\\framework\\src\\Illuminate\\Routing\\ResponseFactory.php(61): Illuminate\\Http\\Response->__construct(Object(Illuminate\\View\\View), 200, Array)
#8 C:\\Users\\RalphIan\\Desktop\\PROJECTS\\Landingpage\\epath-laravel-react-web\\epathwaysweb\\vendor\\laravel\\framework\\src\\Illuminate\\Routing\\ResponseFactory.php(91): Illuminate\\Routing\\ResponseFactory->make(Object(Illuminate\\View\\View), 200, Array)
#9 C:\\Users\\RalphIan\\Desktop\\PROJECTS\\Landingpage\\epath-laravel-react-web\\epathwaysweb\\vendor\\laravel\\framework\\src\\Illuminate\\Support\\Facades\\Facade.php(361): Illuminate\\Routing\\ResponseFactory->view('app', Array)
#10 C:\\Users\\RalphIan\\Desktop\\PROJECTS\\Landingpage\\epath-laravel-react-web\\epathwaysweb\\vendor\\inertiajs\\inertia-laravel\\src\\Response.php(135): Illuminate\\Support\\Facades\\Facade::__callStatic('view', Array)
#11 C:\\Users\\RalphIan\\Desktop\\PROJECTS\\Landingpage\\epath-laravel-react-web\\epathwaysweb\\vendor\\laravel\\framework\\src\\Illuminate\\Routing\\Router.php(921): Inertia\\Response->toResponse(Object(Illuminate\\Http\\Request))
#12 C:\\Users\\RalphIan\\Desktop\\PROJECTS\\Landingpage\\epath-laravel-react-web\\epathwaysweb\\vendor\\laravel\\framework\\src\\Illuminate\\Routing\\Router.php(906): Illuminate\\Routing\\Router::toResponse(Object(Illuminate\\Http\\Request), Object(Inertia\\Response))
#13 C:\\Users\\RalphIan\\Desktop\\PROJECTS\\Landingpage\\epath-laravel-react-web\\epathwaysweb\\vendor\\laravel\\framework\\src\\Illuminate\\Routing\\Router.php(821): Illuminate\\Routing\\Router->prepareResponse(Object(Illuminate\\Http\\Request), Object(Inertia\\Response))
#14 C:\\Users\\RalphIan\\Desktop\\PROJECTS\\Landingpage\\epath-laravel-react-web\\epathwaysweb\\vendor\\laravel\\framework\\src\\Illuminate\\Pipeline\\Pipeline.php(180): Illuminate\\Routing\\Router->Illuminate\\Routing\\{closure}(Object(Illuminate\\Http\\Request))
#15 C:\\Users\\RalphIan\\Desktop\\PROJECTS\\Landingpage\\epath-laravel-react-web\\epathwaysweb\\vendor\\inertiajs\\inertia-laravel\\src\\Middleware.php(100): Illuminate\\Pipeline\\Pipeline->Illuminate\\Pipeline\\{closure}(Object(Illuminate\\Http\\Request))
#16 C:\\Users\\RalphIan\\Desktop\\PROJECTS\\Landingpage\\epath-laravel-react-web\\epathwaysweb\\vendor\\laravel\\framework\\src\\Illuminate\\Pipeline\\Pipeline.php(219): Inertia\\Middleware->handle(Object(Illuminate\\Http\\Request), Object(Closure))
#17 C:\\Users\\RalphIan\\Desktop\\PROJECTS\\Landingpage\\epath-laravel-react-web\\epathwaysweb\\vendor\\laravel\\framework\\src\\Illuminate\\Routing\\Middleware\\SubstituteBindings.php(50): Illuminate\\Pipeline\\Pipeline->Illuminate\\Pipeline\\{closure}(Object(Illuminate\\Http\\Request))
#18 C:\\Users\\RalphIan\\Desktop\\PROJECTS\\Landingpage\\epath-laravel-react-web\\epathwaysweb\\vendor\\laravel\\framework\\src\\Illuminate\\Pipeline\\Pipeline.php(219): Illuminate\\Routing\\Middleware\\SubstituteBindings->handle(Object(Illuminate\\Http\\Request), Object(Closure))
#19 C:\\Users\\RalphIan\\Desktop\\PROJECTS\\Landingpage\\epath-laravel-react-web\\epathwaysweb\\vendor\\laravel\\framework\\src\\Illuminate\\Foundation\\Http\\Middleware\\VerifyCsrfToken.php(87): Illuminate\\Pipeline\\Pipeline->Illuminate\\Pipeline\\{closure}(Object(Illuminate\\Http\\Request))
#20 C:\\Users\\RalphIan\\Desktop\\PROJECTS\\Landingpage\\epath-laravel-react-web\\epathwaysweb\\vendor\\laravel\\framework\\src\\Illuminate\\Pipeline\\Pipeline.php(219): Illuminate\\Foundation\\Http\\Middleware\\VerifyCsrfToken->handle(Object(Illuminate\\Http\\Request), Object(Closure))
#21 C:\\Users\\RalphIan\\Desktop\\PROJECTS\\Landingpage\\epath-laravel-react-web\\epathwaysweb\\vendor\\laravel\\framework\\src\\Illuminate\\View\\Middleware\\ShareErrorsFromSession.php(48): Illuminate\\Pipeline\\Pipeline->Illuminate\\Pipeline\\{closure}(Object(Illuminate\\Http\\Request))
#22 C:\\Users\\RalphIan\\Desktop\\PROJECTS\\Landingpage\\epath-laravel-react-web\\epathwaysweb\\vendor\\laravel\\framework\\src\\Illuminate\\Pipeline\\Pipeline.php(219): Illuminate\\View\\Middleware\\ShareErrorsFromSession->handle(Object(Illuminate\\Http\\Request), Object(Closure))
#23 C:\\Users\\RalphIan\\Desktop\\PROJECTS\\Landingpage\\epath-laravel-react-web\\epathwaysweb\\vendor\\laravel\\framework\\src\\Illuminate\\Session\\Middleware\\StartSession.php(120): Illuminate\\Pipeline\\Pipeline->Illuminate\\Pipeline\\{closure}(Object(Illuminate\\Http\\Request))
#24 C:\\Users\\RalphIan\\Desktop\\PROJECTS\\Landingpage\\epath-laravel-react-web\\epathwaysweb\\vendor\\laravel\\framework\\src\\Illuminate\\Session\\Middleware\\StartSession.php(63): Illuminate\\Session\\Middleware\\StartSession->handleStatefulRequest(Object(Illuminate\\Http\\Request), Object(Illuminate\\Session\\Store), Object(Closure))
#25 C:\\Users\\RalphIan\\Desktop\\PROJECTS\\Landingpage\\epath-laravel-react-web\\epathwaysweb\\vendor\\laravel\\framework\\src\\Illuminate\\Pipeline\\Pipeline.php(219): Illuminate\\Session\\Middleware\\StartSession->handle(Object(Illuminate\\Http\\Request), Object(Closure))
#26 C:\\Users\\RalphIan\\Desktop\\PROJECTS\\Landingpage\\epath-laravel-react-web\\epathwaysweb\\vendor\\laravel\\framework\\src\\Illuminate\\Cookie\\Middleware\\AddQueuedCookiesToResponse.php(36): Illuminate\\Pipeline\\Pipeline->Illuminate\\Pipeline\\{closure}(Object(Illuminate\\Http\\Request))
#27 C:\\Users\\RalphIan\\Desktop\\PROJECTS\\Landingpage\\epath-laravel-react-web\\epathwaysweb\\vendor\\laravel\\framework\\src\\Illuminate\\Pipeline\\Pipeline.php(219): Illuminate\\Cookie\\Middleware\\AddQueuedCookiesToResponse->handle(Object(Illuminate\\Http\\Request), Object(Closure))
#28 C:\\Users\\RalphIan\\Desktop\\PROJECTS\\Landingpage\\epath-laravel-react-web\\epathwaysweb\\vendor\\laravel\\framework\\src\\Illuminate\\Cookie\\Middleware\\EncryptCookies.php(74): Illuminate\\Pipeline\\Pipeline->Illuminate\\Pipeline\\{closure}(Object(Illuminate\\Http\\Request))
#29 C:\\Users\\RalphIan\\Desktop\\PROJECTS\\Landingpage\\epath-laravel-react-web\\epathwaysweb\\vendor\\laravel\\framework\\src\\Illuminate\\Pipeline\\Pipeline.php(219): Illuminate\\Cookie\\Middleware\\EncryptCookies->handle(Object(Illuminate\\Http\\Request), Object(Closure))
#30 C:\\Users\\RalphIan\\Desktop\\PROJECTS\\Landingpage\\epath-laravel-react-web\\epathwaysweb\\vendor\\laravel\\framework\\src\\Illuminate\\Pipeline\\Pipeline.php(137): Illuminate\\Pipeline\\Pipeline->Illuminate\\Pipeline\\{closure}(Object(Illuminate\\Http\\Request))
#31 C:\\Users\\RalphIan\\Desktop\\PROJECTS\\Landingpage\\epath-laravel-react-web\\epathwaysweb\\vendor\\laravel\\framework\\src\\Illuminate\\Routing\\Router.php(821): Illuminate\\Pipeline\\Pipeline->then(Object(Closure))
#32 C:\\Users\\RalphIan\\Desktop\\PROJECTS\\Landingpage\\epath-laravel-react-web\\epathwaysweb\\vendor\\laravel\\framework\\src\\Illuminate\\Routing\\Router.php(800): Illuminate\\Routing\\Router->runRouteWithinStack(Object(Illuminate\\Routing\\Route), Object(Illuminate\\Http\\Request))
#33 C:\\Users\\RalphIan\\Desktop\\PROJECTS\\Landingpage\\epath-laravel-react-web\\epathwaysweb\\vendor\\laravel\\framework\\src\\Illuminate\\Routing\\Router.php(764): Illuminate\\Routing\\Router->runRoute(Object(Illuminate\\Http\\Request), Object(Illuminate\\Routing\\Route))
#34 C:\\Users\\RalphIan\\Desktop\\PROJECTS\\Landingpage\\epath-laravel-react-web\\epathwaysweb\\vendor\\laravel\\framework\\src\\Illuminate\\Routing\\Router.php(753): Illuminate\\Routing\\Router->dispatchToRoute(Object(Illuminate\\Http\\Request))
#35 C:\\Users\\RalphIan\\Desktop\\PROJECTS\\Landingpage\\epath-laravel-react-web\\epathwaysweb\\vendor\\laravel\\framework\\src\\Illuminate\\Foundation\\Http\\Kernel.php(200): Illuminate\\Routing\\Router->dispatch(Object(Illuminate\\Http\\Request))
#36 C:\\Users\\RalphIan\\Desktop\\PROJECTS\\Landingpage\\epath-laravel-react-web\\epathwaysweb\\vendor\\laravel\\framework\\src\\Illuminate\\Pipeline\\Pipeline.php(180): Illuminate\\Foundation\\Http\\Kernel->Illuminate\\Foundation\\Http\\{closure}(Object(Illuminate\\Http\\Request))
#37 C:\\Users\\RalphIan\\Desktop\\PROJECTS\\Landingpage\\epath-laravel-react-web\\epathwaysweb\\vendor\\laravel\\framework\\src\\Illuminate\\Foundation\\Http\\Middleware\\TransformsRequest.php(21): Illuminate\\Pipeline\\Pipeline->Illuminate\\Pipeline\\{closure}(Object(Illuminate\\Http\\Request))
#38 C:\\Users\\RalphIan\\Desktop\\PROJECTS\\Landingpage\\epath-laravel-react-web\\epathwaysweb\\vendor\\laravel\\framework\\src\\Illuminate\\Foundation\\Http\\Middleware\\ConvertEmptyStringsToNull.php(31): Illuminate\\Foundation\\Http\\Middleware\\TransformsRequest->handle(Object(Illuminate\\Http\\Request), Object(Closure))
#39 C:\\Users\\RalphIan\\Desktop\\PROJECTS\\Landingpage\\epath-laravel-react-web\\epathwaysweb\\vendor\\laravel\\framework\\src\\Illuminate\\Pipeline\\Pipeline.php(219): Illuminate\\Foundation\\Http\\Middleware\\ConvertEmptyStringsToNull->handle(Object(Illuminate\\Http\\Request), Object(Closure))
#40 C:\\Users\\RalphIan\\Desktop\\PROJECTS\\Landingpage\\epath-laravel-react-web\\epathwaysweb\\vendor\\laravel\\framework\\src\\Illuminate\\Foundation\\Http\\Middleware\\TransformsRequest.php(21): Illuminate\\Pipeline\\Pipeline->Illuminate\\Pipeline\\{closure}(Object(Illuminate\\Http\\Request))
#41 C:\\Users\\RalphIan\\Desktop\\PROJECTS\\Landingpage\\epath-laravel-react-web\\epathwaysweb\\vendor\\laravel\\framework\\src\\Illuminate\\Foundation\\Http\\Middleware\\TrimStrings.php(51): Illuminate\\Foundation\\Http\\Middleware\\TransformsRequest->handle(Object(Illuminate\\Http\\Request), Object(Closure))
#42 C:\\Users\\RalphIan\\Desktop\\PROJECTS\\Landingpage\\epath-laravel-react-web\\epathwaysweb\\vendor\\laravel\\framework\\src\\Illuminate\\Pipeline\\Pipeline.php(219): Illuminate\\Foundation\\Http\\Middleware\\TrimStrings->handle(Object(Illuminate\\Http\\Request), Object(Closure))
#43 C:\\Users\\RalphIan\\Desktop\\PROJECTS\\Landingpage\\epath-laravel-react-web\\epathwaysweb\\vendor\\laravel\\framework\\src\\Illuminate\\Http\\Middleware\\ValidatePostSize.php(27): Illuminate\\Pipeline\\Pipeline->Illuminate\\Pipeline\\{closure}(Object(Illuminate\\Http\\Request))
#44 C:\\Users\\RalphIan\\Desktop\\PROJECTS\\Landingpage\\epath-laravel-react-web\\epathwaysweb\\vendor\\laravel\\framework\\src\\Illuminate\\Pipeline\\Pipeline.php(219): Illuminate\\Http\\Middleware\\ValidatePostSize->handle(Object(Illuminate\\Http\\Request), Object(Closure))
#45 C:\\Users\\RalphIan\\Desktop\\PROJECTS\\Landingpage\\epath-laravel-react-web\\epathwaysweb\\vendor\\laravel\\framework\\src\\Illuminate\\Foundation\\Http\\Middleware\\PreventRequestsDuringMaintenance.php(109): Illuminate\\Pipeline\\Pipeline->Illuminate\\Pipeline\\{closure}(Object(Illuminate\\Http\\Request))
#46 C:\\Users\\RalphIan\\Desktop\\PROJECTS\\Landingpage\\epath-laravel-react-web\\epathwaysweb\\vendor\\laravel\\framework\\src\\Illuminate\\Pipeline\\Pipeline.php(219): Illuminate\\Foundation\\Http\\Middleware\\PreventRequestsDuringMaintenance->handle(Object(Illuminate\\Http\\Request), Object(Closure))
#47 C:\\Users\\RalphIan\\Desktop\\PROJECTS\\Landingpage\\epath-laravel-react-web\\epathwaysweb\\vendor\\laravel\\framework\\src\\Illuminate\\Http\\Middleware\\HandleCors.php(48): Illuminate\\Pipeline\\Pipeline->Illuminate\\Pipeline\\{closure}(Object(Illuminate\\Http\\Request))
#48 C:\\Users\\RalphIan\\Desktop\\PROJECTS\\Landingpage\\epath-laravel-react-web\\epathwaysweb\\vendor\\laravel\\framework\\src\\Illuminate\\Pipeline\\Pipeline.php(219): Illuminate\\Http\\Middleware\\HandleCors->handle(Object(Illuminate\\Http\\Request), Object(Closure))
#49 C:\\Users\\RalphIan\\Desktop\\PROJECTS\\Landingpage\\epath-laravel-react-web\\epathwaysweb\\vendor\\laravel\\framework\\src\\Illuminate\\Http\\Middleware\\TrustProxies.php(58): Illuminate\\Pipeline\\Pipeline->Illuminate\\Pipeline\\{closure}(Object(Illuminate\\Http\\Request))
#50 C:\\Users\\RalphIan\\Desktop\\PROJECTS\\Landingpage\\epath-laravel-react-web\\epathwaysweb\\vendor\\laravel\\framework\\src\\Illuminate\\Pipeline\\Pipeline.php(219): Illuminate\\Http\\Middleware\\TrustProxies->handle(Object(Illuminate\\Http\\Request), Object(Closure))
#51 C:\\Users\\RalphIan\\Desktop\\PROJECTS\\Landingpage\\epath-laravel-react-web\\epathwaysweb\\vendor\\laravel\\framework\\src\\Illuminate\\Foundation\\Http\\Middleware\\InvokeDeferredCallbacks.php(22): Illuminate\\Pipeline\\Pipeline->Illuminate\\Pipeline\\{closure}(Object(Illuminate\\Http\\Request))
#52 C:\\Users\\RalphIan\\Desktop\\PROJECTS\\Landingpage\\epath-laravel-react-web\\epathwaysweb\\vendor\\laravel\\framework\\src\\Illuminate\\Pipeline\\Pipeline.php(219): Illuminate\\Foundation\\Http\\Middleware\\InvokeDeferredCallbacks->handle(Object(Illuminate\\Http\\Request), Object(Closure))
#53 C:\\Users\\RalphIan\\Desktop\\PROJECTS\\Landingpage\\epath-laravel-react-web\\epathwaysweb\\vendor\\laravel\\framework\\src\\Illuminate\\Http\\Middleware\\ValidatePathEncoding.php(26): Illuminate\\Pipeline\\Pipeline->Illuminate\\Pipeline\\{closure}(Object(Illuminate\\Http\\Request))
#54 C:\\Users\\RalphIan\\Desktop\\PROJECTS\\Landingpage\\epath-laravel-react-web\\epathwaysweb\\vendor\\laravel\\framework\\src\\Illuminate\\Pipeline\\Pipeline.php(219): Illuminate\\Http\\Middleware\\ValidatePathEncoding->handle(Object(Illuminate\\Http\\Request), Object(Closure))
#55 C:\\Users\\RalphIan\\Desktop\\PROJECTS\\Landingpage\\epath-laravel-react-web\\epathwaysweb\\vendor\\laravel\\framework\\src\\Illuminate\\Pipeline\\Pipeline.php(137): Illuminate\\Pipeline\\Pipeline->Illuminate\\Pipeline\\{closure}(Object(Illuminate\\Http\\Request))
#56 C:\\Users\\RalphIan\\Desktop\\PROJECTS\\Landingpage\\epath-laravel-react-web\\epathwaysweb\\vendor\\laravel\\framework\\src\\Illuminate\\Foundation\\Http\\Kernel.php(175): Illuminate\\Pipeline\\Pipeline->then(Object(Closure))
#57 C:\\Users\\RalphIan\\Desktop\\PROJECTS\\Landingpage\\epath-laravel-react-web\\epathwaysweb\\vendor\\laravel\\framework\\src\\Illuminate\\Foundation\\Http\\Kernel.php(144): Illuminate\\Foundation\\Http\\Kernel->sendRequestThroughRouter(Object(Illuminate\\Http\\Request))
#58 C:\\Users\\RalphIan\\Desktop\\PROJECTS\\Landingpage\\epath-laravel-react-web\\epathwaysweb\\vendor\\laravel\\framework\\src\\Illuminate\\Foundation\\Application.php(1219): Illuminate\\Foundation\\Http\\Kernel->handle(Object(Illuminate\\Http\\Request))
#59 C:\\Users\\RalphIan\\Desktop\\PROJECTS\\Landingpage\\epath-laravel-react-web\\epathwaysweb\\public\\index.php(20): Illuminate\\Foundation\\Application->handleRequest(Object(Illuminate\\Http\\Request))
#60 C:\\Users\\RalphIan\\Desktop\\PROJECTS\\Landingpage\\epath-laravel-react-web\\epathwaysweb\\vendor\\laravel\\framework\\src\\Illuminate\\Foundation\\resources\\server.php(23): require_once('C:\\\\Users\\\\RalphI...')
#61 {main}

[previous exception] [object] (Illuminate\\Foundation\\ViteManifestNotFoundException(code: 0): Vite manifest not found at: C:\\Users\\RalphIan\\Desktop\\PROJECTS\\Landingpage\\epath-laravel-react-web\\epathwaysweb\\public\\build/manifest.json at C:\\Users\\RalphIan\\Desktop\\PROJECTS\\Landingpage\\epath-laravel-react-web\\epathwaysweb\\vendor\\laravel\\framework\\src\\Illuminate\\Foundation\\Vite.php:935)
[stacktrace]
#0 C:\\Users\\RalphIan\\Desktop\\PROJECTS\\Landingpage\\epath-laravel-react-web\\epathwaysweb\\vendor\\laravel\\framework\\src\\Illuminate\\Foundation\\Vite.php(384): Illuminate\\Foundation\\Vite->manifest('build')
#1 C:\\Users\\RalphIan\\Desktop\\PROJECTS\\Landingpage\\epath-laravel-react-web\\epathwaysweb\\storage\\framework\\views\\34a82b9782a70757c894ec9471f5a243.php(9): Illuminate\\Foundation\\Vite->__invoke(Object(Illuminate\\Support\\Collection))
#2 C:\\Users\\RalphIan\\Desktop\\PROJECTS\\Landingpage\\epath-laravel-react-web\\epathwaysweb\\vendor\\laravel\\framework\\src\\Illuminate\\Filesystem\\Filesystem.php(123): require('C:\\\\Users\\\\RalphI...')
#3 C:\\Users\\RalphIan\\Desktop\\PROJECTS\\Landingpage\\epath-laravel-react-web\\epathwaysweb\\vendor\\laravel\\framework\\src\\Illuminate\\Filesystem\\Filesystem.php(124): Illuminate\\Filesystem\\Filesystem::Illuminate\\Filesystem\\{closure}()
#4 C:\\Users\\RalphIan\\Desktop\\PROJECTS\\Landingpage\\epath-laravel-react-web\\epathwaysweb\\vendor\\laravel\\framework\\src\\Illuminate\\View\\Engines\\PhpEngine.php(57): Illuminate\\Filesystem\\Filesystem->getRequire('C:\\\\Users\\\\RalphI...', Array)
#5 C:\\Users\\RalphIan\\Desktop\\PROJECTS\\Landingpage\\epath-laravel-react-web\\epathwaysweb\\vendor\\laravel\\framework\\src\\Illuminate\\View\\Engines\\CompilerEngine.php(76): Illuminate\\View\\Engines\\PhpEngine->evaluatePath('C:\\\\Users\\\\RalphI...', Array)
#6 C:\\Users\\RalphIan\\Desktop\\PROJECTS\\Landingpage\\epath-laravel-react-web\\epathwaysweb\\vendor\\laravel\\framework\\src\\Illuminate\\View\\View.php(208): Illuminate\\View\\Engines\\CompilerEngine->get('C:\\\\Users\\\\RalphI...', Array)
#7 C:\\Users\\RalphIan\\Desktop\\PROJECTS\\Landingpage\\epath-laravel-react-web\\epathwaysweb\\vendor\\laravel\\framework\\src\\Illuminate\\View\\View.php(191): Illuminate\\View\\View->getContents()
#8 C:\\Users\\RalphIan\\Desktop\\PROJECTS\\Landingpage\\epath-laravel-react-web\\epathwaysweb\\vendor\\laravel\\framework\\src\\Illuminate\\View\\View.php(160): Illuminate\\View\\View->renderContents()
#9 C:\\Users\\RalphIan\\Desktop\\PROJECTS\\Landingpage\\epath-laravel-react-web\\epathwaysweb\\vendor\\laravel\\framework\\src\\Illuminate\\Http\\Response.php(78): Illuminate\\View\\View->render()
#10 C:\\Users\\RalphIan\\Desktop\\PROJECTS\\Landingpage\\epath-laravel-react-web\\epathwaysweb\\vendor\\laravel\\framework\\src\\Illuminate\\Http\\Response.php(34): Illuminate\\Http\\Response->setContent(Object(Illuminate\\View\\View))
#11 C:\\Users\\RalphIan\\Desktop\\PROJECTS\\Landingpage\\epath-laravel-react-web\\epathwaysweb\\vendor\\laravel\\framework\\src\\Illuminate\\Routing\\ResponseFactory.php(61): Illuminate\\Http\\Response->__construct(Object(Illuminate\\View\\View), 200, Array)
#12 C:\\Users\\RalphIan\\Desktop\\PROJECTS\\Landingpage\\epath-laravel-react-web\\epathwaysweb\\vendor\\laravel\\framework\\src\\Illuminate\\Routing\\ResponseFactory.php(91): Illuminate\\Routing\\ResponseFactory->make(Object(Illuminate\\View\\View), 200, Array)
#13 C:\\Users\\RalphIan\\Desktop\\PROJECTS\\Landingpage\\epath-laravel-react-web\\epathwaysweb\\vendor\\laravel\\framework\\src\\Illuminate\\Support\\Facades\\Facade.php(361): Illuminate\\Routing\\ResponseFactory->view('app', Array)
#14 C:\\Users\\RalphIan\\Desktop\\PROJECTS\\Landingpage\\epath-laravel-react-web\\epathwaysweb\\vendor\\inertiajs\\inertia-laravel\\src\\Response.php(135): Illuminate\\Support\\Facades\\Facade::__callStatic('view', Array)
#15 C:\\Users\\RalphIan\\Desktop\\PROJECTS\\Landingpage\\epath-laravel-react-web\\epathwaysweb\\vendor\\laravel\\framework\\src\\Illuminate\\Routing\\Router.php(921): Inertia\\Response->toResponse(Object(Illuminate\\Http\\Request))
#16 C:\\Users\\RalphIan\\Desktop\\PROJECTS\\Landingpage\\epath-laravel-react-web\\epathwaysweb\\vendor\\laravel\\framework\\src\\Illuminate\\Routing\\Router.php(906): Illuminate\\Routing\\Router::toResponse(Object(Illuminate\\Http\\Request), Object(Inertia\\Response))
#17 C:\\Users\\RalphIan\\Desktop\\PROJECTS\\Landingpage\\epath-laravel-react-web\\epathwaysweb\\vendor\\laravel\\framework\\src\\Illuminate\\Routing\\Router.php(821): Illuminate\\Routing\\Router->prepareResponse(Object(Illuminate\\Http\\Request), Object(Inertia\\Response))
#18 C:\\Users\\RalphIan\\Desktop\\PROJECTS\\Landingpage\\epath-laravel-react-web\\epathwaysweb\\vendor\\laravel\\framework\\src\\Illuminate\\Pipeline\\Pipeline.php(180): Illuminate\\Routing\\Router->Illuminate\\Routing\\{closure}(Object(Illuminate\\Http\\Request))
#19 C:\\Users\\RalphIan\\Desktop\\PROJECTS\\Landingpage\\epath-laravel-react-web\\epathwaysweb\\vendor\\inertiajs\\inertia-laravel\\src\\Middleware.php(100): Illuminate\\Pipeline\\Pipeline->Illuminate\\Pipeline\\{closure}(Object(Illuminate\\Http\\Request))
#20 C:\\Users\\RalphIan\\Desktop\\PROJECTS\\Landingpage\\epath-laravel-react-web\\epathwaysweb\\vendor\\laravel\\framework\\src\\Illuminate\\Pipeline\\Pipeline.php(219): Inertia\\Middleware->handle(Object(Illuminate\\Http\\Request), Object(Closure))
#21 C:\\Users\\RalphIan\\Desktop\\PROJECTS\\Landingpage\\epath-laravel-react-web\\epathwaysweb\\vendor\\laravel\\framework\\src\\Illuminate\\Routing\\Middleware\\SubstituteBindings.php(50): Illuminate\\Pipeline\\Pipeline->Illuminate\\Pipeline\\{closure}(Object(Illuminate\\Http\\Request))
#22 C:\\Users\\RalphIan\\Desktop\\PROJECTS\\Landingpage\\epath-laravel-react-web\\epathwaysweb\\vendor\\laravel\\framework\\src\\Illuminate\\Pipeline\\Pipeline.php(219): Illuminate\\Routing\\Middleware\\SubstituteBindings->handle(Object(Illuminate\\Http\\Request), Object(Closure))
#23 C:\\Users\\RalphIan\\Desktop\\PROJECTS\\Landingpage\\epath-laravel-react-web\\epathwaysweb\\vendor\\laravel\\framework\\src\\Illuminate\\Foundation\\Http\\Middleware\\VerifyCsrfToken.php(87): Illuminate\\Pipeline\\Pipeline->Illuminate\\Pipeline\\{closure}(Object(Illuminate\\Http\\Request))
#24 C:\\Users\\RalphIan\\Desktop\\PROJECTS\\Landingpage\\epath-laravel-react-web\\epathwaysweb\\vendor\\laravel\\framework\\src\\Illuminate\\Pipeline\\Pipeline.php(219): Illuminate\\Foundation\\Http\\Middleware\\VerifyCsrfToken->handle(Object(Illuminate\\Http\\Request), Object(Closure))
#25 C:\\Users\\RalphIan\\Desktop\\PROJECTS\\Landingpage\\epath-laravel-react-web\\epathwaysweb\\vendor\\laravel\\framework\\src\\Illuminate\\View\\Middleware\\ShareErrorsFromSession.php(48): Illuminate\\Pipeline\\Pipeline->Illuminate\\Pipeline\\{closure}(Object(Illuminate\\Http\\Request))
#26 C:\\Users\\RalphIan\\Desktop\\PROJECTS\\Landingpage\\epath-laravel-react-web\\epathwaysweb\\vendor\\laravel\\framework\\src\\Illuminate\\Pipeline\\Pipeline.php(219): Illuminate\\View\\Middleware\\ShareErrorsFromSession->handle(Object(Illuminate\\Http\\Request), Object(Closure))
#27 C:\\Users\\RalphIan\\Desktop\\PROJECTS\\Landingpage\\epath-laravel-react-web\\epathwaysweb\\vendor\\laravel\\framework\\src\\Illuminate\\Session\\Middleware\\StartSession.php(120): Illuminate\\Pipeline\\Pipeline->Illuminate\\Pipeline\\{closure}(Object(Illuminate\\Http\\Request))
#28 C:\\Users\\RalphIan\\Desktop\\PROJECTS\\Landingpage\\epath-laravel-react-web\\epathwaysweb\\vendor\\laravel\\framework\\src\\Illuminate\\Session\\Middleware\\StartSession.php(63): Illuminate\\Session\\Middleware\\StartSession->handleStatefulRequest(Object(Illuminate\\Http\\Request), Object(Illuminate\\Session\\Store), Object(Closure))
#29 C:\\Users\\RalphIan\\Desktop\\PROJECTS\\Landingpage\\epath-laravel-react-web\\epathwaysweb\\vendor\\laravel\\framework\\src\\Illuminate\\Pipeline\\Pipeline.php(219): Illuminate\\Session\\Middleware\\StartSession->handle(Object(Illuminate\\Http\\Request), Object(Closure))
#30 C:\\Users\\RalphIan\\Desktop\\PROJECTS\\Landingpage\\epath-laravel-react-web\\epathwaysweb\\vendor\\laravel\\framework\\src\\Illuminate\\Cookie\\Middleware\\AddQueuedCookiesToResponse.php(36): Illuminate\\Pipeline\\Pipeline->Illuminate\\Pipeline\\{closure}(Object(Illuminate\\Http\\Request))
#31 C:\\Users\\RalphIan\\Desktop\\PROJECTS\\Landingpage\\epath-laravel-react-web\\epathwaysweb\\vendor\\laravel\\framework\\src\\Illuminate\\Pipeline\\Pipeline.php(219): Illuminate\\Cookie\\Middleware\\AddQueuedCookiesToResponse->handle(Object(Illuminate\\Http\\Request), Object(Closure))
#32 C:\\Users\\RalphIan\\Desktop\\PROJECTS\\Landingpage\\epath-laravel-react-web\\epathwaysweb\\vendor\\laravel\\framework\\src\\Illuminate\\Cookie\\Middleware\\EncryptCookies.php(74): Illuminate\\Pipeline\\Pipeline->Illuminate\\Pipeline\\{closure}(Object(Illuminate\\Http\\Request))
#33 C:\\Users\\RalphIan\\Desktop\\PROJECTS\\Landingpage\\epath-laravel-react-web\\epathwaysweb\\vendor\\laravel\\framework\\src\\Illuminate\\Pipeline\\Pipeline.php(219): Illuminate\\Cookie\\Middleware\\EncryptCookies->handle(Object(Illuminate\\Http\\Request), Object(Closure))
#34 C:\\Users\\RalphIan\\Desktop\\PROJECTS\\Landingpage\\epath-laravel-react-web\\epathwaysweb\\vendor\\laravel\\framework\\src\\Illuminate\\Pipeline\\Pipeline.php(137): Illuminate\\Pipeline\\Pipeline->Illuminate\\Pipeline\\{closure}(Object(Illuminate\\Http\\Request))
#35 C:\\Users\\RalphIan\\Desktop\\PROJECTS\\Landingpage\\epath-laravel-react-web\\epathwaysweb\\vendor\\laravel\\framework\\src\\Illuminate\\Routing\\Router.php(821): Illuminate\\Pipeline\\Pipeline->then(Object(Closure))
#36 C:\\Users\\RalphIan\\Desktop\\PROJECTS\\Landingpage\\epath-laravel-react-web\\epathwaysweb\\vendor\\laravel\\framework\\src\\Illuminate\\Routing\\Router.php(800): Illuminate\\Routing\\Router->runRouteWithinStack(Object(Illuminate\\Routing\\Route), Object(Illuminate\\Http\\Request))
#37 C:\\Users\\RalphIan\\Desktop\\PROJECTS\\Landingpage\\epath-laravel-react-web\\epathwaysweb\\vendor\\laravel\\framework\\src\\Illuminate\\Routing\\Router.php(764): Illuminate\\Routing\\Router->runRoute(Object(Illuminate\\Http\\Request), Object(Illuminate\\Routing\\Route))
#38 C:\\Users\\RalphIan\\Desktop\\PROJECTS\\Landingpage\\epath-laravel-react-web\\epathwaysweb\\vendor\\laravel\\framework\\src\\Illuminate\\Routing\\Router.php(753): Illuminate\\Routing\\Router->dispatchToRoute(Object(Illuminate\\Http\\Request))
#39 C:\\Users\\RalphIan\\Desktop\\PROJECTS\\Landingpage\\epath-laravel-react-web\\epathwaysweb\\vendor\\laravel\\framework\\src\\Illuminate\\Foundation\\Http\\Kernel.php(200): Illuminate\\Routing\\Router->dispatch(Object(Illuminate\\Http\\Request))
#40 C:\\Users\\RalphIan\\Desktop\\PROJECTS\\Landingpage\\epath-laravel-react-web\\epathwaysweb\\vendor\\laravel\\framework\\src\\Illuminate\\Pipeline\\Pipeline.php(180): Illuminate\\Foundation\\Http\\Kernel->Illuminate\\Foundation\\Http\\{closure}(Object(Illuminate\\Http\\Request))
#41 C:\\Users\\RalphIan\\Desktop\\PROJECTS\\Landingpage\\epath-laravel-react-web\\epathwaysweb\\vendor\\laravel\\framework\\src\\Illuminate\\Foundation\\Http\\Middleware\\TransformsRequest.php(21): Illuminate\\Pipeline\\Pipeline->Illuminate\\Pipeline\\{closure}(Object(Illuminate\\Http\\Request))
#42 C:\\Users\\RalphIan\\Desktop\\PROJECTS\\Landingpage\\epath-laravel-react-web\\epathwaysweb\\vendor\\laravel\\framework\\src\\Illuminate\\Foundation\\Http\\Middleware\\ConvertEmptyStringsToNull.php(31): Illuminate\\Foundation\\Http\\Middleware\\TransformsRequest->handle(Object(Illuminate\\Http\\Request), Object(Closure))
#43 C:\\Users\\RalphIan\\Desktop\\PROJECTS\\Landingpage\\epath-laravel-react-web\\epathwaysweb\\vendor\\laravel\\framework\\src\\Illuminate\\Pipeline\\Pipeline.php(219): Illuminate\\Foundation\\Http\\Middleware\\ConvertEmptyStringsToNull->handle(Object(Illuminate\\Http\\Request), Object(Closure))
#44 C:\\Users\\RalphIan\\Desktop\\PROJECTS\\Landingpage\\epath-laravel-react-web\\epathwaysweb\\vendor\\laravel\\framework\\src\\Illuminate\\Foundation\\Http\\Middleware\\TransformsRequest.php(21): Illuminate\\Pipeline\\Pipeline->Illuminate\\Pipeline\\{closure}(Object(Illuminate\\Http\\Request))
#45 C:\\Users\\RalphIan\\Desktop\\PROJECTS\\Landingpage\\epath-laravel-react-web\\epathwaysweb\\vendor\\laravel\\framework\\src\\Illuminate\\Foundation\\Http\\Middleware\\TrimStrings.php(51): Illuminate\\Foundation\\Http\\Middleware\\TransformsRequest->handle(Object(Illuminate\\Http\\Request), Object(Closure))
#46 C:\\Users\\RalphIan\\Desktop\\PROJECTS\\Landingpage\\epath-laravel-react-web\\epathwaysweb\\vendor\\laravel\\framework\\src\\Illuminate\\Pipeline\\Pipeline.php(219): Illuminate\\Foundation\\Http\\Middleware\\TrimStrings->handle(Object(Illuminate\\Http\\Request), Object(Closure))
#47 C:\\Users\\RalphIan\\Desktop\\PROJECTS\\Landingpage\\epath-laravel-react-web\\epathwaysweb\\vendor\\laravel\\framework\\src\\Illuminate\\Http\\Middleware\\ValidatePostSize.php(27): Illuminate\\Pipeline\\Pipeline->Illuminate\\Pipeline\\{closure}(Object(Illuminate\\Http\\Request))
#48 C:\\Users\\RalphIan\\Desktop\\PROJECTS\\Landingpage\\epath-laravel-react-web\\epathwaysweb\\vendor\\laravel\\framework\\src\\Illuminate\\Pipeline\\Pipeline.php(219): Illuminate\\Http\\Middleware\\ValidatePostSize->handle(Object(Illuminate\\Http\\Request), Object(Closure))
#49 C:\\Users\\RalphIan\\Desktop\\PROJECTS\\Landingpage\\epath-laravel-react-web\\epathwaysweb\\vendor\\laravel\\framework\\src\\Illuminate\\Foundation\\Http\\Middleware\\PreventRequestsDuringMaintenance.php(109): Illuminate\\Pipeline\\Pipeline->Illuminate\\Pipeline\\{closure}(Object(Illuminate\\Http\\Request))
#50 C:\\Users\\RalphIan\\Desktop\\PROJECTS\\Landingpage\\epath-laravel-react-web\\epathwaysweb\\vendor\\laravel\\framework\\src\\Illuminate\\Pipeline\\Pipeline.php(219): Illuminate\\Foundation\\Http\\Middleware\\PreventRequestsDuringMaintenance->handle(Object(Illuminate\\Http\\Request), Object(Closure))
#51 C:\\Users\\RalphIan\\Desktop\\PROJECTS\\Landingpage\\epath-laravel-react-web\\epathwaysweb\\vendor\\laravel\\framework\\src\\Illuminate\\Http\\Middleware\\HandleCors.php(48): Illuminate\\Pipeline\\Pipeline->Illuminate\\Pipeline\\{closure}(Object(Illuminate\\Http\\Request))
#52 C:\\Users\\RalphIan\\Desktop\\PROJECTS\\Landingpage\\epath-laravel-react-web\\epathwaysweb\\vendor\\laravel\\framework\\src\\Illuminate\\Pipeline\\Pipeline.php(219): Illuminate\\Http\\Middleware\\HandleCors->handle(Object(Illuminate\\Http\\Request), Object(Closure))
#53 C:\\Users\\RalphIan\\Desktop\\PROJECTS\\Landingpage\\epath-laravel-react-web\\epathwaysweb\\vendor\\laravel\\framework\\src\\Illuminate\\Http\\Middleware\\TrustProxies.php(58): Illuminate\\Pipeline\\Pipeline->Illuminate\\Pipeline\\{closure}(Object(Illuminate\\Http\\Request))
#54 C:\\Users\\RalphIan\\Desktop\\PROJECTS\\Landingpage\\epath-laravel-react-web\\epathwaysweb\\vendor\\laravel\\framework\\src\\Illuminate\\Pipeline\\Pipeline.php(219): Illuminate\\Http\\Middleware\\TrustProxies->handle(Object(Illuminate\\Http\\Request), Object(Closure))
#55 C:\\Users\\RalphIan\\Desktop\\PROJECTS\\Landingpage\\epath-laravel-react-web\\epathwaysweb\\vendor\\laravel\\framework\\src\\Illuminate\\Foundation\\Http\\Middleware\\InvokeDeferredCallbacks.php(22): Illuminate\\Pipeline\\Pipeline->Illuminate\\Pipeline\\{closure}(Object(Illuminate\\Http\\Request))
#56 C:\\Users\\RalphIan\\Desktop\\PROJECTS\\Landingpage\\epath-laravel-react-web\\epathwaysweb\\vendor\\laravel\\framework\\src\\Illuminate\\Pipeline\\Pipeline.php(219): Illuminate\\Foundation\\Http\\Middleware\\InvokeDeferredCallbacks->handle(Object(Illuminate\\Http\\Request), Object(Closure))
#57 C:\\Users\\RalphIan\\Desktop\\PROJECTS\\Landingpage\\epath-laravel-react-web\\epathwaysweb\\vendor\\laravel\\framework\\src\\Illuminate\\Http\\Middleware\\ValidatePathEncoding.php(26): Illuminate\\Pipeline\\Pipeline->Illuminate\\Pipeline\\{closure}(Object(Illuminate\\Http\\Request))
#58 C:\\Users\\RalphIan\\Desktop\\PROJECTS\\Landingpage\\epath-laravel-react-web\\epathwaysweb\\vendor\\laravel\\framework\\src\\Illuminate\\Pipeline\\Pipeline.php(219): Illuminate\\Http\\Middleware\\ValidatePathEncoding->handle(Object(Illuminate\\Http\\Request), Object(Closure))
#59 C:\\Users\\RalphIan\\Desktop\\PROJECTS\\Landingpage\\epath-laravel-react-web\\epathwaysweb\\vendor\\laravel\\framework\\src\\Illuminate\\Pipeline\\Pipeline.php(137): Illuminate\\Pipeline\\Pipeline->Illuminate\\Pipeline\\{closure}(Object(Illuminate\\Http\\Request))
#60 C:\\Users\\RalphIan\\Desktop\\PROJECTS\\Landingpage\\epath-laravel-react-web\\epathwaysweb\\vendor\\laravel\\framework\\src\\Illuminate\\Foundation\\Http\\Kernel.php(175): Illuminate\\Pipeline\\Pipeline->then(Object(Closure))
#61 C:\\Users\\RalphIan\\Desktop\\PROJECTS\\Landingpage\\epath-laravel-react-web\\epathwaysweb\\vendor\\laravel\\framework\\src\\Illuminate\\Foundation\\Http\\Kernel.php(144): Illuminate\\Foundation\\Http\\Kernel->sendRequestThroughRouter(Object(Illuminate\\Http\\Request))
#62 C:\\Users\\RalphIan\\Desktop\\PROJECTS\\Landingpage\\epath-laravel-react-web\\epathwaysweb\\vendor\\laravel\\framework\\src\\Illuminate\\Foundation\\Application.php(1219): Illuminate\\Foundation\\Http\\Kernel->handle(Object(Illuminate\\Http\\Request))
#63 C:\\Users\\RalphIan\\Desktop\\PROJECTS\\Landingpage\\epath-laravel-react-web\\epathwaysweb\\public\\index.php(20): Illuminate\\Foundation\\Application->handleRequest(Object(Illuminate\\Http\\Request))
#64 C:\\Users\\RalphIan\\Desktop\\PROJECTS\\Landingpage\\epath-laravel-react-web\\epathwaysweb\\vendor\\laravel\\framework\\src\\Illuminate\\Foundation\\resources\\server.php(23): require_once('C:\\\\Users\\\\RalphI...')
#65 {main}
"} 
